<?xml version="1.0" encoding="UTF-8"?>
<!-- Generated by org.testng.reporters.JUnitXMLReporter -->
<testsuite ignored="0" hostname="DESKTOP-3L8DLVH" failures="0" tests="5" name="Default test" time="35.435" errors="0" timestamp="2023-03-10T02:18:30 IST">
  <testcase classname="package14.Assessment1" name="login_test" time="4.006"/>
  <testcase classname="package14.Assessment1" name="login_test" time="3.947"/>
  <testcase classname="package14.Assessment1" name="login_test" time="3.259"/>
  <testcase classname="package14.Assessment1" name="login_test" time="4.391"/>
  <testcase classname="package14.Assessment1" name="page2" time="4.23"/>
</testsuite> <!-- Default test -->
