<?xml version="1.0" encoding="UTF-8"?>
<testng-results ignored="0" total="5" passed="5" failed="0" skipped="0">
  <reporter-output>
    <line>
      <![CDATA[Login Failed]]>
    </line>
    <line>
      <![CDATA[ Test passed: login_test]]>
    </line>
    <line>
      <![CDATA[Login Failed]]>
    </line>
    <line>
      <![CDATA[ Test passed: login_test]]>
    </line>
    <line>
      <![CDATA[Login Failed]]>
    </line>
    <line>
      <![CDATA[ Test passed: login_test]]>
    </line>
    <line>
      <![CDATA[Login Successful]]>
    </line>
    <line>
      <![CDATA[List is Sorted]]>
    </line>
    <line>
      <![CDATA[ Test passed: login_test]]>
    </line>
    <line>
      <![CDATA[List is Sorted]]>
    </line>
    <line>
      <![CDATA[ Test passed: page2]]>
    </line>
  </reporter-output>
  <suite started-at="2023-03-10T02:17:55 IST" name="Default suite" finished-at="2023-03-10T02:18:30 IST" duration-ms="35435">
    <groups>
    </groups>
    <test started-at="2023-03-10T02:17:55 IST" name="Default test" finished-at="2023-03-10T02:18:30 IST" duration-ms="35435">
      <class name="package14.Assessment1">
        <test-method is-config="true" signature="launchBrowser()[pri:0, instance:package14.Assessment1@4386f16]" started-at="2023-03-10T02:17:55 IST" name="launchBrowser" finished-at="2023-03-10T02:17:59 IST" duration-ms="3727" status="PASS">
          <reporter-output>
          </reporter-output>
        </test-method> <!-- launchBrowser -->
        <test-method signature="login_test(java.lang.String,java.lang.String)[pri:1, instance:package14.Assessment1@4386f16]" started-at="2023-03-10T02:17:59 IST" name="login_test" data-provider="database" finished-at="2023-03-10T02:18:03 IST" duration-ms="4006" status="PASS">
          <params>
            <param index="0">
              <value>
                <![CDATA[]]>
              </value>
            </param>
            <param index="1">
              <value>
                <![CDATA[]]>
              </value>
            </param>
          </params>
          <reporter-output>
            <line>
              <![CDATA[Login Failed]]>
            </line>
            <line>
              <![CDATA[ Test passed: login_test]]>
            </line>
          </reporter-output>
        </test-method> <!-- login_test -->
        <test-method is-config="true" signature="closingBrowser()[pri:0, instance:package14.Assessment1@4386f16]" started-at="2023-03-10T02:18:03 IST" name="closingBrowser" finished-at="2023-03-10T02:18:03 IST" duration-ms="506" status="PASS">
          <reporter-output>
          </reporter-output>
        </test-method> <!-- closingBrowser -->
        <test-method is-config="true" signature="launchBrowser()[pri:0, instance:package14.Assessment1@4386f16]" started-at="2023-03-10T02:18:03 IST" name="launchBrowser" finished-at="2023-03-10T02:18:06 IST" duration-ms="2519" status="PASS">
          <reporter-output>
          </reporter-output>
        </test-method> <!-- launchBrowser -->
        <test-method signature="login_test(java.lang.String,java.lang.String)[pri:1, instance:package14.Assessment1@4386f16]" started-at="2023-03-10T02:18:06 IST" name="login_test" data-provider="database" finished-at="2023-03-10T02:18:10 IST" duration-ms="3947" status="PASS">
          <params>
            <param index="0">
              <value>
                <![CDATA[percy]]>
              </value>
            </param>
            <param index="1">
              <value>
                <![CDATA[]]>
              </value>
            </param>
          </params>
          <reporter-output>
            <line>
              <![CDATA[Login Failed]]>
            </line>
            <line>
              <![CDATA[ Test passed: login_test]]>
            </line>
          </reporter-output>
        </test-method> <!-- login_test -->
        <test-method is-config="true" signature="closingBrowser()[pri:0, instance:package14.Assessment1@4386f16]" started-at="2023-03-10T02:18:10 IST" name="closingBrowser" finished-at="2023-03-10T02:18:10 IST" duration-ms="155" status="PASS">
          <reporter-output>
          </reporter-output>
        </test-method> <!-- closingBrowser -->
        <test-method is-config="true" signature="launchBrowser()[pri:0, instance:package14.Assessment1@4386f16]" started-at="2023-03-10T02:18:10 IST" name="launchBrowser" finished-at="2023-03-10T02:18:12 IST" duration-ms="2563" status="PASS">
          <reporter-output>
          </reporter-output>
        </test-method> <!-- launchBrowser -->
        <test-method signature="login_test(java.lang.String,java.lang.String)[pri:1, instance:package14.Assessment1@4386f16]" started-at="2023-03-10T02:18:12 IST" name="login_test" data-provider="database" finished-at="2023-03-10T02:18:16 IST" duration-ms="3259" status="PASS">
          <params>
            <param index="0">
              <value>
                <![CDATA[]]>
              </value>
            </param>
            <param index="1">
              <value>
                <![CDATA[xyz]]>
              </value>
            </param>
          </params>
          <reporter-output>
            <line>
              <![CDATA[Login Failed]]>
            </line>
            <line>
              <![CDATA[ Test passed: login_test]]>
            </line>
          </reporter-output>
        </test-method> <!-- login_test -->
        <test-method is-config="true" signature="closingBrowser()[pri:0, instance:package14.Assessment1@4386f16]" started-at="2023-03-10T02:18:16 IST" name="closingBrowser" finished-at="2023-03-10T02:18:16 IST" duration-ms="338" status="PASS">
          <reporter-output>
          </reporter-output>
        </test-method> <!-- closingBrowser -->
        <test-method is-config="true" signature="launchBrowser()[pri:0, instance:package14.Assessment1@4386f16]" started-at="2023-03-10T02:18:16 IST" name="launchBrowser" finished-at="2023-03-10T02:18:19 IST" duration-ms="2776" status="PASS">
          <reporter-output>
          </reporter-output>
        </test-method> <!-- launchBrowser -->
        <test-method signature="login_test(java.lang.String,java.lang.String)[pri:1, instance:package14.Assessment1@4386f16]" started-at="2023-03-10T02:18:19 IST" name="login_test" data-provider="database" finished-at="2023-03-10T02:18:23 IST" duration-ms="4391" status="PASS">
          <params>
            <param index="0">
              <value>
                <![CDATA[percy]]>
              </value>
            </param>
            <param index="1">
              <value>
                <![CDATA[xyz]]>
              </value>
            </param>
          </params>
          <reporter-output>
            <line>
              <![CDATA[Login Successful]]>
            </line>
            <line>
              <![CDATA[List is Sorted]]>
            </line>
            <line>
              <![CDATA[ Test passed: login_test]]>
            </line>
          </reporter-output>
        </test-method> <!-- login_test -->
        <test-method is-config="true" signature="closingBrowser()[pri:0, instance:package14.Assessment1@4386f16]" started-at="2023-03-10T02:18:23 IST" name="closingBrowser" finished-at="2023-03-10T02:18:23 IST" duration-ms="210" status="PASS">
          <reporter-output>
          </reporter-output>
        </test-method> <!-- closingBrowser -->
        <test-method is-config="true" signature="launchBrowser()[pri:0, instance:package14.Assessment1@4386f16]" started-at="2023-03-10T02:18:23 IST" name="launchBrowser" finished-at="2023-03-10T02:18:26 IST" duration-ms="2591" status="PASS">
          <reporter-output>
          </reporter-output>
        </test-method> <!-- launchBrowser -->
        <test-method signature="page2()[pri:2, instance:package14.Assessment1@4386f16]" started-at="2023-03-10T02:18:26 IST" name="page2" finished-at="2023-03-10T02:18:30 IST" duration-ms="4230" status="PASS">
          <reporter-output>
            <line>
              <![CDATA[List is Sorted]]>
            </line>
            <line>
              <![CDATA[ Test passed: page2]]>
            </line>
          </reporter-output>
        </test-method> <!-- page2 -->
        <test-method is-config="true" signature="closingBrowser()[pri:0, instance:package14.Assessment1@4386f16]" started-at="2023-03-10T02:18:30 IST" name="closingBrowser" finished-at="2023-03-10T02:18:30 IST" duration-ms="150" status="PASS">
          <reporter-output>
          </reporter-output>
        </test-method> <!-- closingBrowser -->
      </class> <!-- package14.Assessment1 -->
    </test> <!-- Default test -->
  </suite> <!-- Default suite -->
</testng-results>
